<?xml version="1.0" encoding="UTF-8"?>
<!-- Generated by org.testng.reporters.JUnitXMLReporter -->
<testsuite hostname="INGBTCPIC5NB739" name="Test1" tests="1" failures="1" timestamp="12 Jun 2016 08:56:35 GMT" time="17.148" errors="0">
  <testcase name="createtask_and_logout" time="17.132" classname="TestNGClasses.Login_Createtask_logout">
    <failure type="java.net.MalformedURLException" message="unknown protocol: javascript">
      <![CDATA[java.net.MalformedURLException: unknown protocol: javascript
	at java.net.URL.<init>(Unknown Source)
	at java.net.URL.<init>(Unknown Source)
	at java.net.URL.<init>(Unknown Source)
	at GenericClasses.Excel_Transactions.VerifyBrokenLinks(Excel_Transactions.java:209)
	at TestNGClasses.Login_Createtask_logout.createtask_and_logout(Login_Createtask_logout.java:49)
	at java.util.concurrent.FutureTask.run(Unknown Source)
	at java.util.concurrent.ThreadPoolExecutor.runWorker(Unknown Source)
	at java.util.concurrent.ThreadPoolExecutor$Worker.run(Unknown Source)
	at java.lang.Thread.run(Unknown Source)
... Removed 16 stack frames]]>
    </failure>
  </testcase> <!-- createtask_and_logout -->
</testsuite> <!-- Test1 -->
