<?xml version="1.0" encoding="UTF-8"?>
<!-- Generated by org.testng.reporters.JUnitXMLReporter -->
<testsuite hostname="INGBTCPIC5NB739" name="Test2" tests="1" failures="1" timestamp="21 Jun 2016 23:02:02 GMT" time="58.156" errors="0">
  <testcase name="VerifyBrokenLinks" time="58.001" classname="TestNGClasses.VerifyBrokenLinks_TestNG">
    <failure type="org.openqa.selenium.WebDriverException" message="Failed to connect to binary FirefoxBinary(C:\Program Files (x86)\Mozilla Firefox\firefox.exe) on port 7055; process output follows: 
ID&amp;quot;:&amp;quot;dgep_16rBSgu&amp;quot;,&amp;quot;location&amp;quot;:&amp;quot;winreg-app-global&amp;quot;,&amp;quot;version&amp;quot;:&amp;quot;IDS_SS_VERSION&amp;quot;,&amp;quot;type&amp;quot;:&amp;quot;extension&amp;quot;,&amp;quot;internalName&amp;quot;:null,&amp;quot;updateURL&amp;quot;:null,&amp;quot;updateKey&amp;quot;:null,&amp;quot;optionsURL&amp;quot;:null,&amp;quot;optionsType&amp;quot;:null,&amp;quot;aboutURL&amp;quot;:null,&amp;quot;icons&amp;quot;:{},&amp;quot;iconURL&amp;quot;:&amp;quot;chrome://vscore/content/ScriptFF.gif&amp;quot;,&amp;quot;icon64URL&amp;quot;:null,&amp;quot;defaultLocale&amp;quot;:{&amp;quot;name&amp;quot;:&amp;quot;IDS_SS_NAME&amp;quot;,&amp;quot;description&amp;quot;:null,&amp;quot;creator&amp;quot;:&amp;quot;McAfee, Inc.&amp;quot;,&amp;quot;homepageURL&amp;quot;:null},&amp;quot;visible&amp;quot;:true,&amp;quot;active&amp;quot;:false,&amp;quot;userDisabled&amp;quot;:true,&amp;quot;appDisabled&amp;quot;:false,&amp;quot;descriptor&amp;quot;:&amp;quot;C:\\Program Files (x86)\\Common Files\\McAfee\\SystemCore&amp;quot;,&amp;quot;installDate&amp;quot;:1463318605175,&amp;quot;updateDate&amp;quot;:1463318605175,&amp;quot;applyBackgroundUpdates&amp;quot;:1,&amp;quot;bootstrap&amp;quot;:false,&amp;quot;skinnable&amp;quot;:false,&amp;quot;size&amp;quot;:3262750,&amp;quot;sourceURI&amp;quot;:null,&amp;quot;releaseNotesURI&amp;quot;:null,&amp;quot;softDisabled&amp;quot;:false,&amp;quot;foreignInstall&amp;quot;:true,&amp;quot;hasBinaryComponents&amp;quot;:false,&amp;quot;strictCompatibility&amp;quot;:false,&amp;quot;locales&amp;quot;:[],&amp;quot;targetApplications&amp;quot;:[{&amp;quot;id&amp;quot;:&amp;quot;{ec8030f7-c20a-464f-9b0e-13a3a9e97384}&amp;quot;,&amp;quot;minVersion&amp;quot;:&amp;quot;1.5&amp;quot;,&amp;quot;maxVersion&amp;quot;:&amp;quot;9.9&amp;quot;}],&amp;quot;targetPlatforms&amp;quot;:[],&amp;quot;multiprocessCompatible&amp;quot;:false,&amp;quot;signedState&amp;quot;:0,&amp;quot;seen&amp;quot;:true}
1466550089599	DeferredSave.extensions.json	DEBUG	Save changes
1466550089600	addons.xpi	DEBUG	Updating database with changes to installed add-ons
1466550089600	addons.xpi-utils	DEBUG	Updating add-on states
1466550089602	addons.xpi-utils	DEBUG	Writing add-ons list
1466550089658	addons.xpi	DEBUG	Registering manifest for C:\Program Files (x86)\Mozilla Firefox\browser\features\e10srollout@mozilla.org.xpi
1466550089660	addons.xpi	DEBUG	Calling bootstrap method startup on e10srollout@mozilla.org version 1.0
1466550089660	addons.xpi	DEBUG	Registering manifest for C:\Program Files (x86)\Mozilla Firefox\browser\features\firefox@getpocket.com.xpi
1466550089662	addons.xpi	DEBUG	Calling bootstrap method startup on firefox@getpocket.com version 1.0
1466550089663	addons.xpi	DEBUG	Registering manifest for C:\Program Files (x86)\Mozilla Firefox\browser\features\loop@mozilla.org.xpi
1466550089665	addons.xpi	DEBUG	Calling bootstrap method startup on loop@mozilla.org version 1.2.6
1466550089751	addons.manager	DEBUG	Registering shutdown blocker for XPIProvider
1466550089752	addons.manager	DEBUG	Provider finished startup: XPIProvider
1466550089753	addons.manager	DEBUG	Starting provider: LightweightThemeManager
1466550089753	addons.manager	DEBUG	Registering shutdown blocker for LightweightThemeManager
1466550089754	addons.manager	DEBUG	Provider finished startup: LightweightThemeManager
1466550089755	addons.manager	DEBUG	Starting provider: GMPProvider
1466550089766	addons.manager	DEBUG	Registering shutdown blocker for GMPProvider
1466550089766	addons.manager	DEBUG	Provider finished startup: GMPProvider
1466550089766	addons.manager	DEBUG	Starting provider: PluginProvider
1466550089766	addons.manager	DEBUG	Registering shutdown blocker for PluginProvider
1466550089766	addons.manager	DEBUG	Provider finished startup: PluginProvider
1466550089767	addons.manager	DEBUG	Completed startup sequence
1466550093414	addons.manager	DEBUG	Starting provider: &amp;lt;unnamed-provider&amp;gt;
1466550093415	addons.manager	DEBUG	Registering shutdown blocker for &amp;lt;unnamed-provider&amp;gt;
1466550093415	addons.manager	DEBUG	Provider finished startup: &amp;lt;unnamed-provider&amp;gt;
1466550096316	DeferredSave.extensions.json	DEBUG	Write succeeded
1466550096316	addons.xpi-utils	DEBUG	XPI Database saved, setting schema version preference to 17
1466550096316	DeferredSave.extensions.json	DEBUG	Starting timer
1466550096337	DeferredSave.extensions.json	DEBUG	Starting write
1466550096353	addons.repository	DEBUG	No addons.json found.
1466550096389	DeferredSave.addons.json	DEBUG	Save changes
1466550096408	DeferredSave.addons.json	DEBUG	Starting timer
1466550098724	addons.manager	DEBUG	Starting provider: PreviousExperimentProvider
1466550098724	addons.manager	DEBUG	Registering shutdown blocker for PreviousExperimentProvider
1466550098725	addons.manager	DEBUG	Provider finished startup: PreviousExperimentProvider
1466550098729	DeferredSave.addons.json	DEBUG	Starting write
1466550098754	DeferredSave.extensions.json	DEBUG	Write succeeded
1466550099518	DeferredSave.addons.json	DEBUG	Write succeeded

Build info: version: &amp;apos;2.50.1&amp;apos;, revision: &amp;apos;d7fc91b&amp;apos;, time: &amp;apos;2016-01-29 19:04:49&amp;apos;
System info: host: &amp;apos;INGBTCPIC5NB739&amp;apos;, ip: &amp;apos;192.168.0.101&amp;apos;, os.name: &amp;apos;Windows 7&amp;apos;, os.arch: &amp;apos;amd64&amp;apos;, os.version: &amp;apos;6.1&amp;apos;, java.version: &amp;apos;1.8.0_66&amp;apos;
Driver info: driver.version: FirefoxDriver">
      <![CDATA[org.openqa.selenium.WebDriverException: Failed to connect to binary FirefoxBinary(C:\Program Files (x86)\Mozilla Firefox\firefox.exe) on port 7055; process output follows: 
ID":"dgep_16rBSgu","location":"winreg-app-global","version":"IDS_SS_VERSION","type":"extension","internalName":null,"updateURL":null,"updateKey":null,"optionsURL":null,"optionsType":null,"aboutURL":null,"icons":{},"iconURL":"chrome://vscore/content/ScriptFF.gif","icon64URL":null,"defaultLocale":{"name":"IDS_SS_NAME","description":null,"creator":"McAfee, Inc.","homepageURL":null},"visible":true,"active":false,"userDisabled":true,"appDisabled":false,"descriptor":"C:\\Program Files (x86)\\Common Files\\McAfee\\SystemCore","installDate":1463318605175,"updateDate":1463318605175,"applyBackgroundUpdates":1,"bootstrap":false,"skinnable":false,"size":3262750,"sourceURI":null,"releaseNotesURI":null,"softDisabled":false,"foreignInstall":true,"hasBinaryComponents":false,"strictCompatibility":false,"locales":[],"targetApplications":[{"id":"{ec8030f7-c20a-464f-9b0e-13a3a9e97384}","minVersion":"1.5","maxVersion":"9.9"}],"targetPlatforms":[],"multiprocessCompatible":false,"signedState":0,"seen":true}
1466550089599	DeferredSave.extensions.json	DEBUG	Save changes
1466550089600	addons.xpi	DEBUG	Updating database with changes to installed add-ons
1466550089600	addons.xpi-utils	DEBUG	Updating add-on states
1466550089602	addons.xpi-utils	DEBUG	Writing add-ons list
1466550089658	addons.xpi	DEBUG	Registering manifest for C:\Program Files (x86)\Mozilla Firefox\browser\features\e10srollout@mozilla.org.xpi
1466550089660	addons.xpi	DEBUG	Calling bootstrap method startup on e10srollout@mozilla.org version 1.0
1466550089660	addons.xpi	DEBUG	Registering manifest for C:\Program Files (x86)\Mozilla Firefox\browser\features\firefox@getpocket.com.xpi
1466550089662	addons.xpi	DEBUG	Calling bootstrap method startup on firefox@getpocket.com version 1.0
1466550089663	addons.xpi	DEBUG	Registering manifest for C:\Program Files (x86)\Mozilla Firefox\browser\features\loop@mozilla.org.xpi
1466550089665	addons.xpi	DEBUG	Calling bootstrap method startup on loop@mozilla.org version 1.2.6
1466550089751	addons.manager	DEBUG	Registering shutdown blocker for XPIProvider
1466550089752	addons.manager	DEBUG	Provider finished startup: XPIProvider
1466550089753	addons.manager	DEBUG	Starting provider: LightweightThemeManager
1466550089753	addons.manager	DEBUG	Registering shutdown blocker for LightweightThemeManager
1466550089754	addons.manager	DEBUG	Provider finished startup: LightweightThemeManager
1466550089755	addons.manager	DEBUG	Starting provider: GMPProvider
1466550089766	addons.manager	DEBUG	Registering shutdown blocker for GMPProvider
1466550089766	addons.manager	DEBUG	Provider finished startup: GMPProvider
1466550089766	addons.manager	DEBUG	Starting provider: PluginProvider
1466550089766	addons.manager	DEBUG	Registering shutdown blocker for PluginProvider
1466550089766	addons.manager	DEBUG	Provider finished startup: PluginProvider
1466550089767	addons.manager	DEBUG	Completed startup sequence
1466550093414	addons.manager	DEBUG	Starting provider: <unnamed-provider>
1466550093415	addons.manager	DEBUG	Registering shutdown blocker for <unnamed-provider>
1466550093415	addons.manager	DEBUG	Provider finished startup: <unnamed-provider>
1466550096316	DeferredSave.extensions.json	DEBUG	Write succeeded
1466550096316	addons.xpi-utils	DEBUG	XPI Database saved, setting schema version preference to 17
1466550096316	DeferredSave.extensions.json	DEBUG	Starting timer
1466550096337	DeferredSave.extensions.json	DEBUG	Starting write
1466550096353	addons.repository	DEBUG	No addons.json found.
1466550096389	DeferredSave.addons.json	DEBUG	Save changes
1466550096408	DeferredSave.addons.json	DEBUG	Starting timer
1466550098724	addons.manager	DEBUG	Starting provider: PreviousExperimentProvider
1466550098724	addons.manager	DEBUG	Registering shutdown blocker for PreviousExperimentProvider
1466550098725	addons.manager	DEBUG	Provider finished startup: PreviousExperimentProvider
1466550098729	DeferredSave.addons.json	DEBUG	Starting write
1466550098754	DeferredSave.extensions.json	DEBUG	Write succeeded
1466550099518	DeferredSave.addons.json	DEBUG	Write succeeded

Build info: version: '2.50.1', revision: 'd7fc91b', time: '2016-01-29 19:04:49'
System info: host: 'INGBTCPIC5NB739', ip: '192.168.0.101', os.name: 'Windows 7', os.arch: 'amd64', os.version: '6.1', java.version: '1.8.0_66'
Driver info: driver.version: FirefoxDriver
	at org.openqa.selenium.firefox.internal.NewProfileExtensionConnection.start(NewProfileExtensionConnection.java:134)
	at org.openqa.selenium.firefox.FirefoxDriver.startClient(FirefoxDriver.java:271)
	at org.openqa.selenium.remote.RemoteWebDriver.<init>(RemoteWebDriver.java:119)
	at org.openqa.selenium.firefox.FirefoxDriver.<init>(FirefoxDriver.java:218)
	at org.openqa.selenium.firefox.FirefoxDriver.<init>(FirefoxDriver.java:211)
	at org.openqa.selenium.firefox.FirefoxDriver.<init>(FirefoxDriver.java:207)
	at org.openqa.selenium.firefox.FirefoxDriver.<init>(FirefoxDriver.java:120)
	at TestNGClasses.VerifyBrokenLinks_TestNG.VerifyBrokenLinks(VerifyBrokenLinks_TestNG.java:29)
	at java.util.concurrent.FutureTask.run(Unknown Source)
	at java.util.concurrent.ThreadPoolExecutor.runWorker(Unknown Source)
	at java.util.concurrent.ThreadPoolExecutor$Worker.run(Unknown Source)
	at java.lang.Thread.run(Unknown Source)
Caused by: org.openqa.selenium.firefox.NotConnectedException: Unable to connect to host 127.0.0.1 on port 7055 after 45000 ms. Firefox console output:
ID":"dgep_16rBSgu","location":"winreg-app-global","version":"IDS_SS_VERSION","type":"extension","internalName":null,"updateURL":null,"updateKey":null,"optionsURL":null,"optionsType":null,"aboutURL":null,"icons":{},"iconURL":"chrome://vscore/content/ScriptFF.gif","icon64URL":null,"defaultLocale":{"name":"IDS_SS_NAME","description":null,"creator":"McAfee, Inc.","homepageURL":null},"visible":true,"active":false,"userDisabled":true,"appDisabled":false,"descriptor":"C:\\Program Files (x86)\\Common Files\\McAfee\\SystemCore","installDate":1463318605175,"updateDate":1463318605175,"applyBackgroundUpdates":1,"bootstrap":false,"skinnable":false,"size":3262750,"sourceURI":null,"releaseNotesURI":null,"softDisabled":false,"foreignInstall":true,"hasBinaryComponents":false,"strictCompatibility":false,"locales":[],"targetApplications":[{"id":"{ec8030f7-c20a-464f-9b0e-13a3a9e97384}","minVersion":"1.5","maxVersion":"9.9"}],"targetPlatforms":[],"multiprocessCompatible":false,"signedState":0,"seen":true}
1466550089599	DeferredSave.extensions.json	DEBUG	Save changes
1466550089600	addons.xpi	DEBUG	Updating database with changes to installed add-ons
1466550089600	addons.xpi-utils	DEBUG	Updating add-on states
1466550089602	addons.xpi-utils	DEBUG	Writing add-ons list
1466550089658	addons.xpi	DEBUG	Registering manifest for C:\Program Files (x86)\Mozilla Firefox\browser\features\e10srollout@mozilla.org.xpi
1466550089660	addons.xpi	DEBUG	Calling bootstrap method startup on e10srollout@mozilla.org version 1.0
1466550089660	addons.xpi	DEBUG	Registering manifest for C:\Program Files (x86)\Mozilla Firefox\browser\features\firefox@getpocket.com.xpi
1466550089662	addons.xpi	DEBUG	Calling bootstrap method startup on firefox@getpocket.com version 1.0
1466550089663	addons.xpi	DEBUG	Registering manifest for C:\Program Files (x86)\Mozilla Firefox\browser\features\loop@mozilla.org.xpi
1466550089665	addons.xpi	DEBUG	Calling bootstrap method startup on loop@mozilla.org version 1.2.6
1466550089751	addons.manager	DEBUG	Registering shutdown blocker for XPIProvider
1466550089752	addons.manager	DEBUG	Provider finished startup: XPIProvider
1466550089753	addons.manager	DEBUG	Starting provider: LightweightThemeManager
1466550089753	addons.manager	DEBUG	Registering shutdown blocker for LightweightThemeManager
1466550089754	addons.manager	DEBUG	Provider finished startup: LightweightThemeManager
1466550089755	addons.manager	DEBUG	Starting provider: GMPProvider
1466550089766	addons.manager	DEBUG	Registering shutdown blocker for GMPProvider
1466550089766	addons.manager	DEBUG	Provider finished startup: GMPProvider
1466550089766	addons.manager	DEBUG	Starting provider: PluginProvider
1466550089766	addons.manager	DEBUG	Registering shutdown blocker for PluginProvider
1466550089766	addons.manager	DEBUG	Provider finished startup: PluginProvider
1466550089767	addons.manager	DEBUG	Completed startup sequence
1466550093414	addons.manager	DEBUG	Starting provider: <unnamed-provider>
1466550093415	addons.manager	DEBUG	Registering shutdown blocker for <unnamed-provider>
1466550093415	addons.manager	DEBUG	Provider finished startup: <unnamed-provider>
1466550096316	DeferredSave.extensions.json	DEBUG	Write succeeded
1466550096316	addons.xpi-utils	DEBUG	XPI Database saved, setting schema version preference to 17
1466550096316	DeferredSave.extensions.json	DEBUG	Starting timer
1466550096337	DeferredSave.extensions.json	DEBUG	Starting write
1466550096353	addons.repository	DEBUG	No addons.json found.
1466550096389	DeferredSave.addons.json	DEBUG	Save changes
1466550096408	DeferredSave.addons.json	DEBUG	Starting timer
1466550098724	addons.manager	DEBUG	Starting provider: PreviousExperimentProvider
1466550098724	addons.manager	DEBUG	Registering shutdown blocker for PreviousExperimentProvider
1466550098725	addons.manager	DEBUG	Provider finished startup: PreviousExperimentProvider
1466550098729	DeferredSave.addons.json	DEBUG	Starting write
1466550098754	DeferredSave.extensions.json	DEBUG	Write succeeded
1466550099518	DeferredSave.addons.json	DEBUG	Write succeeded

	at org.openqa.selenium.firefox.internal.NewProfileExtensionConnection.start(NewProfileExtensionConnection.java:122)
	... 27 more
... Removed 16 stack frames]]>
    </failure>
  </testcase> <!-- VerifyBrokenLinks -->
</testsuite> <!-- Test2 -->
