<?xml version="1.0" encoding="UTF-8"?>
<testng-results skipped="0" failed="1" total="1" passed="0">
  <reporter-output>
    <line>
      <![CDATA[String value is : chrome]]>
    </line>
    <line>
      <![CDATA[chrome is launched]]>
    </line>
    <line>
      <![CDATA[String value is : http://localhost:9090/login.do]]>
    </line>
    <line>
      <![CDATA[opening URL]]>
    </line>
    <line>
      <![CDATA[String value is : vishnu]]>
    </line>
    <line>
      <![CDATA[String value is : vishnu]]>
    </line>
    <line>
      <![CDATA[actitimeUser login successfully]]>
    </line>
    <line>
      <![CDATA[Clicked on Tasks_header]]>
    </line>
    <line>
      <![CDATA[String value is : a212211]]>
    </line>
    <line>
      <![CDATA[String value is : proj2122]]>
    </line>
    <line>
      <![CDATA[String value is : task2122]]>
    </line>
    <line>
      <![CDATA[Numeric value is 11.0]]>
    </line>
    <line>
      <![CDATA[New Task created]]>
    </line>
    <line>
      <![CDATA[new task created successfully]]>
    </line>
    <line>
      <![CDATA[1 new task was added to the customer "a212211", project "proj2122".]]>
    </line>
    <line>
      <![CDATA[String value is : a212211]]>
    </line>
    <line>
      <![CDATA[String value is : proj2122]]>
    </line>
    <line>
      <![CDATA[String value is : task2122]]>
    </line>
    <line>
      <![CDATA[Numeric value is 11.0]]>
    </line>
    <line>
      <![CDATA[New Task created]]>
    </line>
    <line>
      <![CDATA[new task created successfully]]>
    </line>
    <line>
      <![CDATA[1 new task was added to the customer "a212211", project "proj2122".]]>
    </line>
    <line>
      <![CDATA[String value is : a212211]]>
    </line>
    <line>
      <![CDATA[String value is : proj2122]]>
    </line>
    <line>
      <![CDATA[String value is : task2122]]>
    </line>
    <line>
      <![CDATA[Numeric value is 11.0]]>
    </line>
    <line>
      <![CDATA[New Task created]]>
    </line>
    <line>
      <![CDATA[new task created successfully]]>
    </line>
    <line>
      <![CDATA[1 new task was added to the customer "a212211", project "proj2122".]]>
    </line>
    <line>
      <![CDATA[String value is : a212211]]>
    </line>
    <line>
      <![CDATA[String value is : proj2122]]>
    </line>
    <line>
      <![CDATA[String value is : task2122]]>
    </line>
    <line>
      <![CDATA[Numeric value is 11.0]]>
    </line>
    <line>
      <![CDATA[New Task created]]>
    </line>
    <line>
      <![CDATA[new task created successfully]]>
    </line>
    <line>
      <![CDATA[1 new task was added to the customer "a212211", project "proj2122".]]>
    </line>
    <line>
      <![CDATA[String value is : a212211]]>
    </line>
    <line>
      <![CDATA[String value is : proj2122]]>
    </line>
    <line>
      <![CDATA[String value is : task2122]]>
    </line>
    <line>
      <![CDATA[Numeric value is 11.0]]>
    </line>
    <line>
      <![CDATA[New Task created]]>
    </line>
    <line>
      <![CDATA[new task created successfully]]>
    </line>
    <line>
      <![CDATA[1 new task was added to the customer "a212211", project "proj2122".]]>
    </line>
    <line>
      <![CDATA[String value is : cust2122]]>
    </line>
    <line>
      <![CDATA[String value is : proj2122]]>
    </line>
    <line>
      <![CDATA[String value is : task2122]]>
    </line>
    <line>
      <![CDATA[Numeric value is 11.0]]>
    </line>
    <line>
      <![CDATA[New Task created]]>
    </line>
    <line>
      <![CDATA[new task created successfully]]>
    </line>
    <line>
      <![CDATA[1 new task was added to the customer "cust2122", project "proj2122".]]>
    </line>
  </reporter-output>
  <suite name="Suite" duration-ms="87679" started-at="2016-08-04T10:37:41Z" finished-at="2016-08-04T10:39:09Z">
    <groups>
    </groups>
    <test name="Test" duration-ms="87679" started-at="2016-08-04T10:37:41Z" finished-at="2016-08-04T10:39:09Z">
      <class name="TestNGClasses.Createtask_and_Verifytask_TestNG">
        <test-method status="FAIL" signature="createtask_and_logout()[pri:0, instance:TestNGClasses.Createtask_and_Verifytask_TestNG@1474c6c]" name="createtask_and_logout" duration-ms="87651" started-at="2016-08-04T16:07:41Z" finished-at="2016-08-04T16:09:09Z">
          <exception class="org.openqa.selenium.NoSuchElementException">
            <message>
              <![CDATA[no such element: Unable to locate element: {"method":"xpath","selector":"//a[text()='a212211']/../../../../../..//input[@type='checkbox']"}
  (Session info: chrome=52.0.2743.82)
  (Driver info: chromedriver=2.22.397933 (1cab651507b88dec79b2b2a22d1943c01833cc1b),platform=Windows NT 6.1.7601 SP1 x86_64) (WARNING: The server did not provide any stacktrace information)
Command duration or timeout: 55.02 seconds
For documentation on this error, please visit: http://seleniumhq.org/exceptions/no_such_element.html
Build info: version: '2.53.0', revision: '35ae25b', time: '2016-03-15 17:00:58'
System info: host: 'INGBTCPIC5NB739', ip: '161.85.90.175', os.name: 'Windows 7', os.arch: 'x86', os.version: '6.1', java.version: '1.8.0_40'
Driver info: org.openqa.selenium.chrome.ChromeDriver
Capabilities [{applicationCacheEnabled=false, rotatable=false, mobileEmulationEnabled=false, chrome={chromedriverVersion=2.22.397933 (1cab651507b88dec79b2b2a22d1943c01833cc1b), userDataDir=C:\Users\310076~1\AppData\Local\Temp\scoped_dir21992_24795}, takesHeapSnapshot=true, databaseEnabled=false, handlesAlerts=true, hasTouchScreen=false, version=52.0.2743.82, platform=XP, browserConnectionEnabled=false, nativeEvents=true, acceptSslCerts=true, locationContextEnabled=true, webStorageEnabled=true, browserName=chrome, takesScreenshot=true, javascriptEnabled=true, cssSelectorsEnabled=true}]
Session ID: de927c88e8f38b1fff9e04b21ee1f553
*** Element info: {Using=xpath, value=//a[text()='a212211']/../../../../../..//input[@type='checkbox']}]]>
            </message>
            <full-stacktrace>
              <![CDATA[org.openqa.selenium.NoSuchElementException: no such element: Unable to locate element: {"method":"xpath","selector":"//a[text()='a212211']/../../../../../..//input[@type='checkbox']"}
  (Session info: chrome=52.0.2743.82)
  (Driver info: chromedriver=2.22.397933 (1cab651507b88dec79b2b2a22d1943c01833cc1b),platform=Windows NT 6.1.7601 SP1 x86_64) (WARNING: The server did not provide any stacktrace information)
Command duration or timeout: 55.02 seconds
For documentation on this error, please visit: http://seleniumhq.org/exceptions/no_such_element.html
Build info: version: '2.53.0', revision: '35ae25b', time: '2016-03-15 17:00:58'
System info: host: 'INGBTCPIC5NB739', ip: '161.85.90.175', os.name: 'Windows 7', os.arch: 'x86', os.version: '6.1', java.version: '1.8.0_40'
Driver info: org.openqa.selenium.chrome.ChromeDriver
Capabilities [{applicationCacheEnabled=false, rotatable=false, mobileEmulationEnabled=false, chrome={chromedriverVersion=2.22.397933 (1cab651507b88dec79b2b2a22d1943c01833cc1b), userDataDir=C:\Users\310076~1\AppData\Local\Temp\scoped_dir21992_24795}, takesHeapSnapshot=true, databaseEnabled=false, handlesAlerts=true, hasTouchScreen=false, version=52.0.2743.82, platform=XP, browserConnectionEnabled=false, nativeEvents=true, acceptSslCerts=true, locationContextEnabled=true, webStorageEnabled=true, browserName=chrome, takesScreenshot=true, javascriptEnabled=true, cssSelectorsEnabled=true}]
Session ID: de927c88e8f38b1fff9e04b21ee1f553
*** Element info: {Using=xpath, value=//a[text()='a212211']/../../../../../..//input[@type='checkbox']}
	at sun.reflect.NativeConstructorAccessorImpl.newInstance0(Native Method)
	at sun.reflect.NativeConstructorAccessorImpl.newInstance(NativeConstructorAccessorImpl.java:62)
	at sun.reflect.DelegatingConstructorAccessorImpl.newInstance(DelegatingConstructorAccessorImpl.java:45)
	at java.lang.reflect.Constructor.newInstance(Constructor.java:422)
	at org.openqa.selenium.remote.ErrorHandler.createThrowable(ErrorHandler.java:206)
	at org.openqa.selenium.remote.ErrorHandler.throwIfResponseFailed(ErrorHandler.java:158)
	at org.openqa.selenium.remote.RemoteWebDriver.execute(RemoteWebDriver.java:678)
	at org.openqa.selenium.remote.RemoteWebDriver.findElement(RemoteWebDriver.java:363)
	at org.openqa.selenium.remote.RemoteWebDriver.findElementByXPath(RemoteWebDriver.java:500)
	at org.openqa.selenium.By$ByXPath.findElement(By.java:361)
	at org.openqa.selenium.remote.RemoteWebDriver.findElement(RemoteWebDriver.java:355)
	at Scripts_WebPages.CreatedTask_Verify_and_deletecreatedtask.Verify_and_delete_createdtask(CreatedTask_Verify_and_deletecreatedtask.java:49)
	at TestNGClasses.Createtask_and_Verifytask_TestNG.createtask_and_logout(Createtask_and_Verifytask_TestNG.java:106)
	at sun.reflect.NativeMethodAccessorImpl.invoke0(Native Method)
	at sun.reflect.NativeMethodAccessorImpl.invoke(NativeMethodAccessorImpl.java:62)
	at sun.reflect.DelegatingMethodAccessorImpl.invoke(DelegatingMethodAccessorImpl.java:43)
	at java.lang.reflect.Method.invoke(Method.java:497)
	at org.testng.internal.MethodInvocationHelper.invokeMethod(MethodInvocationHelper.java:85)
	at org.testng.internal.Invoker.invokeMethod(Invoker.java:648)
	at org.testng.internal.Invoker.invokeTestMethod(Invoker.java:834)
	at org.testng.internal.Invoker.invokeTestMethods(Invoker.java:1142)
	at org.testng.internal.TestMethodWorker.invokeTestMethods(TestMethodWorker.java:124)
	at org.testng.internal.TestMethodWorker.run(TestMethodWorker.java:108)
	at org.testng.TestRunner.privateRun(TestRunner.java:771)
	at org.testng.TestRunner.run(TestRunner.java:621)
	at org.testng.SuiteRunner.runTest(SuiteRunner.java:357)
	at org.testng.SuiteRunner.access$000(SuiteRunner.java:38)
	at org.testng.SuiteRunner$SuiteWorker.run(SuiteRunner.java:391)
	at org.testng.internal.thread.ThreadUtil$2.call(ThreadUtil.java:64)
	at java.util.concurrent.FutureTask.run(FutureTask.java:266)
	at java.util.concurrent.ThreadPoolExecutor.runWorker(ThreadPoolExecutor.java:1142)
	at java.util.concurrent.ThreadPoolExecutor$Worker.run(ThreadPoolExecutor.java:617)
	at java.lang.Thread.run(Thread.java:745)
]]>
            </full-stacktrace>
          </exception> <!-- org.openqa.selenium.NoSuchElementException -->
          <reporter-output>
            <line>
              <![CDATA[String value is : chrome]]>
            </line>
            <line>
              <![CDATA[chrome is launched]]>
            </line>
            <line>
              <![CDATA[String value is : http://localhost:9090/login.do]]>
            </line>
            <line>
              <![CDATA[opening URL]]>
            </line>
            <line>
              <![CDATA[String value is : vishnu]]>
            </line>
            <line>
              <![CDATA[String value is : vishnu]]>
            </line>
            <line>
              <![CDATA[actitimeUser login successfully]]>
            </line>
            <line>
              <![CDATA[Clicked on Tasks_header]]>
            </line>
            <line>
              <![CDATA[String value is : a212211]]>
            </line>
            <line>
              <![CDATA[String value is : proj2122]]>
            </line>
            <line>
              <![CDATA[String value is : task2122]]>
            </line>
            <line>
              <![CDATA[Numeric value is 11.0]]>
            </line>
            <line>
              <![CDATA[New Task created]]>
            </line>
            <line>
              <![CDATA[new task created successfully]]>
            </line>
            <line>
              <![CDATA[1 new task was added to the customer "a212211", project "proj2122".]]>
            </line>
            <line>
              <![CDATA[String value is : a212211]]>
            </line>
            <line>
              <![CDATA[String value is : proj2122]]>
            </line>
            <line>
              <![CDATA[String value is : task2122]]>
            </line>
            <line>
              <![CDATA[Numeric value is 11.0]]>
            </line>
            <line>
              <![CDATA[New Task created]]>
            </line>
            <line>
              <![CDATA[new task created successfully]]>
            </line>
            <line>
              <![CDATA[1 new task was added to the customer "a212211", project "proj2122".]]>
            </line>
            <line>
              <![CDATA[String value is : a212211]]>
            </line>
            <line>
              <![CDATA[String value is : proj2122]]>
            </line>
            <line>
              <![CDATA[String value is : task2122]]>
            </line>
            <line>
              <![CDATA[Numeric value is 11.0]]>
            </line>
            <line>
              <![CDATA[New Task created]]>
            </line>
            <line>
              <![CDATA[new task created successfully]]>
            </line>
            <line>
              <![CDATA[1 new task was added to the customer "a212211", project "proj2122".]]>
            </line>
            <line>
              <![CDATA[String value is : a212211]]>
            </line>
            <line>
              <![CDATA[String value is : proj2122]]>
            </line>
            <line>
              <![CDATA[String value is : task2122]]>
            </line>
            <line>
              <![CDATA[Numeric value is 11.0]]>
            </line>
            <line>
              <![CDATA[New Task created]]>
            </line>
            <line>
              <![CDATA[new task created successfully]]>
            </line>
            <line>
              <![CDATA[1 new task was added to the customer "a212211", project "proj2122".]]>
            </line>
            <line>
              <![CDATA[String value is : a212211]]>
            </line>
            <line>
              <![CDATA[String value is : proj2122]]>
            </line>
            <line>
              <![CDATA[String value is : task2122]]>
            </line>
            <line>
              <![CDATA[Numeric value is 11.0]]>
            </line>
            <line>
              <![CDATA[New Task created]]>
            </line>
            <line>
              <![CDATA[new task created successfully]]>
            </line>
            <line>
              <![CDATA[1 new task was added to the customer "a212211", project "proj2122".]]>
            </line>
            <line>
              <![CDATA[String value is : cust2122]]>
            </line>
            <line>
              <![CDATA[String value is : proj2122]]>
            </line>
            <line>
              <![CDATA[String value is : task2122]]>
            </line>
            <line>
              <![CDATA[Numeric value is 11.0]]>
            </line>
            <line>
              <![CDATA[New Task created]]>
            </line>
            <line>
              <![CDATA[new task created successfully]]>
            </line>
            <line>
              <![CDATA[1 new task was added to the customer "cust2122", project "proj2122".]]>
            </line>
          </reporter-output>
        </test-method> <!-- createtask_and_logout -->
      </class> <!-- TestNGClasses.Createtask_and_Verifytask_TestNG -->
    </test> <!-- Test -->
  </suite> <!-- Suite -->
</testng-results>
